<?xml version="1.0" encoding="UTF-8"?>
<coverage generated="1752888460465" clover="3.2.0">
  <project timestamp="1752888460465" name="All files">
    <metrics statements="313" coveredstatements="280" conditionals="105" coveredconditionals="79" methods="55" coveredmethods="39" elements="473" coveredelements="398" complexity="0" loc="313" ncloc="313" packages="3" files="4" classes="4"/>
    <package name="AI.Pathfinding.AStar">
      <metrics statements="227" coveredstatements="210" conditionals="83" coveredconditionals="64" methods="33" coveredmethods="26"/>
      <file name="AStarPathfinder.ts" path="D:\project\ecs-framework\thirdparty\ecs-astar\src\AI\Pathfinding\AStar\AStarPathfinder.ts">
        <metrics statements="150" coveredstatements="148" conditionals="69" coveredconditionals="51" methods="16" coveredmethods="15"/>
        <line num="2" count="1" type="cond" truecount="3" falsecount="0"/>
        <line num="3" count="372" type="cond" truecount="2" falsecount="2"/>
        <line num="4" count="5096" type="cond" truecount="3" falsecount="1"/>
        <line num="5" count="0" type="cond" truecount="0" falsecount="2"/>
        <line num="6" count="0" type="stmt"/>
        <line num="9" count="372" type="cond" truecount="2" falsecount="0"/>
        <line num="11" count="1" type="stmt"/>
        <line num="12" count="1" type="stmt"/>
        <line num="13" count="1" type="stmt"/>
        <line num="14" count="1" type="stmt"/>
        <line num="18" count="1" type="stmt"/>
        <line num="20" count="1508" type="cond" truecount="1" falsecount="1"/>
        <line num="21" count="1508" type="cond" truecount="1" falsecount="1"/>
        <line num="22" count="1508" type="cond" truecount="1" falsecount="1"/>
        <line num="23" count="1508" type="stmt"/>
        <line num="24" count="1508" type="stmt"/>
        <line num="25" count="1508" type="stmt"/>
        <line num="26" count="1508" type="stmt"/>
        <line num="27" count="1508" type="stmt"/>
        <line num="28" count="1508" type="stmt"/>
        <line num="29" count="1508" type="stmt"/>
        <line num="30" count="1508" type="stmt"/>
        <line num="31" count="1508" type="stmt"/>
        <line num="32" count="1508" type="stmt"/>
        <line num="33" count="1508" type="stmt"/>
        <line num="35" count="1" type="stmt"/>
        <line num="36" count="106" type="cond" truecount="1" falsecount="1"/>
        <line num="37" count="106" type="stmt"/>
        <line num="38" count="106" type="stmt"/>
        <line num="39" count="106" type="stmt"/>
        <line num="40" count="106" type="stmt"/>
        <line num="42" count="1" type="stmt"/>
        <line num="43" count="2505" type="cond" truecount="1" falsecount="1"/>
        <line num="44" count="2505" type="cond" truecount="1" falsecount="1"/>
        <line num="45" count="2505" type="cond" truecount="1" falsecount="1"/>
        <line num="46" count="2505" type="stmt"/>
        <line num="47" count="2505" type="stmt"/>
        <line num="48" count="2505" type="stmt"/>
        <line num="49" count="2505" type="stmt"/>
        <line num="50" count="2505" type="stmt"/>
        <line num="51" count="2505" type="stmt"/>
        <line num="53" count="1" type="stmt"/>
        <line num="54" count="3751" type="stmt"/>
        <line num="55" count="3751" type="stmt"/>
        <line num="56" count="3751" type="stmt"/>
        <line num="57" count="3751" type="stmt"/>
        <line num="58" count="3751" type="stmt"/>
        <line num="59" count="3751" type="stmt"/>
        <line num="61" count="1" type="stmt"/>
        <line num="66" count="1" type="stmt"/>
        <line num="72" count="1" type="stmt"/>
        <line num="73" count="4013" type="cond" truecount="1" falsecount="1"/>
        <line num="74" count="4013" type="cond" truecount="1" falsecount="1"/>
        <line num="75" count="4013" type="cond" truecount="2" falsecount="0"/>
        <line num="76" count="4013" type="stmt"/>
        <line num="77" count="4013" type="cond" truecount="2" falsecount="0"/>
        <line num="78" count="1508" type="stmt"/>
        <line num="81" count="2505" type="stmt"/>
        <line num="83" count="4013" type="stmt"/>
        <line num="88" count="1" type="stmt"/>
        <line num="89" count="3891" type="cond" truecount="2" falsecount="0"/>
        <line num="90" count="3751" type="stmt"/>
        <line num="91" count="3751" type="stmt"/>
        <line num="101" count="1" type="stmt"/>
        <line num="102" count="129" type="stmt"/>
        <line num="103" count="129" type="stmt"/>
        <line num="104" count="129" type="stmt"/>
        <line num="105" count="129" type="stmt"/>
        <line num="106" count="129" type="stmt"/>
        <line num="107" count="129" type="cond" truecount="2" falsecount="0"/>
        <line num="108" count="1" type="stmt"/>
        <line num="112" count="128" type="stmt"/>
        <line num="113" count="128" type="cond" truecount="1" falsecount="1"/>
        <line num="114" count="128" type="cond" truecount="2" falsecount="0"/>
        <line num="115" count="1" type="stmt"/>
        <line num="117" count="127" type="cond" truecount="2" falsecount="0"/>
        <line num="118" count="1" type="stmt"/>
        <line num="121" count="126" type="stmt"/>
        <line num="122" count="126" type="stmt"/>
        <line num="123" count="126" type="stmt"/>
        <line num="125" count="126" type="stmt"/>
        <line num="126" count="126" type="stmt"/>
        <line num="127" count="2949" type="stmt"/>
        <line num="128" count="2949" type="stmt"/>
        <line num="129" count="2949" type="stmt"/>
        <line num="130" count="2949" type="cond" truecount="2" falsecount="0"/>
        <line num="131" count="122" type="stmt"/>
        <line num="132" count="122" type="stmt"/>
        <line num="134" count="2827" type="stmt"/>
        <line num="135" count="2827" type="stmt"/>
        <line num="136" count="9496" type="stmt"/>
        <line num="137" count="9496" type="stmt"/>
        <line num="138" count="9496" type="cond" truecount="2" falsecount="0"/>
        <line num="139" count="3835" type="stmt"/>
        <line num="141" count="5661" type="stmt"/>
        <line num="142" count="5661" type="stmt"/>
        <line num="143" count="5661" type="cond" truecount="2" falsecount="0"/>
        <line num="144" count="1775" type="cond" truecount="2" falsecount="0"/>
        <line num="145" count="106" type="stmt"/>
        <line num="146" count="106" type="stmt"/>
        <line num="150" count="3886" type="stmt"/>
        <line num="151" count="3886" type="stmt"/>
        <line num="152" count="3886" type="stmt"/>
        <line num="153" count="3886" type="stmt"/>
        <line num="158" count="2827" type="stmt"/>
        <line num="162" count="126" type="stmt"/>
        <line num="163" count="126" type="stmt"/>
        <line num="164" count="1063" type="stmt"/>
        <line num="167" count="126" type="stmt"/>
        <line num="168" count="126" type="stmt"/>
        <line num="177" count="1" type="stmt"/>
        <line num="178" count="125" type="stmt"/>
        <line num="179" count="125" type="cond" truecount="4" falsecount="0"/>
        <line num="181" count="5" type="cond" truecount="1" falsecount="1"/>
        <line num="182" count="5" type="stmt"/>
        <line num="183" count="42" type="stmt"/>
        <line num="184" count="42" type="stmt"/>
        <line num="187" count="5" type="stmt"/>
        <line num="190" count="120" type="stmt"/>
        <line num="192" count="120" type="cond" truecount="2" falsecount="0"/>
        <line num="193" count="119" type="stmt"/>
        <line num="194" count="3800" type="stmt"/>
        <line num="195" count="3800" type="stmt"/>
        <line num="198" count="120" type="stmt"/>
        <line num="203" count="1" type="stmt"/>
        <line num="204" count="120" type="stmt"/>
        <line num="205" count="120" type="stmt"/>
        <line num="206" count="120" type="stmt"/>
        <line num="207" count="1206" type="stmt"/>
        <line num="208" count="1206" type="stmt"/>
        <line num="210" count="120" type="stmt"/>
        <line num="219" count="1" type="stmt"/>
        <line num="220" count="2" type="stmt"/>
        <line num="222" count="2" type="cond" truecount="2" falsecount="0"/>
        <line num="223" count="1" type="stmt"/>
        <line num="226" count="2" type="cond" truecount="1" falsecount="1"/>
        <line num="227" count="2" type="stmt"/>
        <line num="228" count="31" type="stmt"/>
        <line num="229" count="31" type="cond" truecount="1" falsecount="1"/>
        <line num="230" count="31" type="stmt"/>
        <line num="234" count="2" type="stmt"/>
        <line num="239" count="1" type="stmt"/>
        <line num="240" count="29" type="stmt"/>
        <line num="241" count="29" type="stmt"/>
        <line num="246" count="1" type="stmt"/>
        <line num="247" count="7" type="stmt"/>
        <line num="252" count="1" type="stmt"/>
        <line num="253" count="1" type="stmt"/>
        <line num="254" count="1" type="stmt"/>
        <line num="256" count="1" type="stmt"/>
      </file>
      <file name="AstarGridGraph.ts" path="D:\project\ecs-framework\thirdparty\ecs-astar\src\AI\Pathfinding\AStar\AstarGridGraph.ts">
        <metrics statements="77" coveredstatements="62" conditionals="14" coveredconditionals="13" methods="17" coveredmethods="11"/>
        <line num="2" count="1" type="stmt"/>
        <line num="3" count="1" type="stmt"/>
        <line num="4" count="1" type="stmt"/>
        <line num="5" count="1" type="stmt"/>
        <line num="10" count="1" type="stmt"/>
        <line num="12" count="16" type="stmt"/>
        <line num="18" count="16" type="stmt"/>
        <line num="19" count="16" type="stmt"/>
        <line num="20" count="16" type="stmt"/>
        <line num="21" count="16" type="stmt"/>
        <line num="22" count="16" type="stmt"/>
        <line num="23" count="16" type="stmt"/>
        <line num="24" count="16" type="stmt"/>
        <line num="25" count="16" type="stmt"/>
        <line num="26" count="16" type="stmt"/>
        <line num="27" count="16" type="stmt"/>
        <line num="28" count="16" type="stmt"/>
        <line num="33" count="1" type="stmt"/>
        <line num="34" count="1" type="stmt"/>
        <line num="35" count="1" type="stmt"/>
        <line num="40" count="1" type="stmt"/>
        <line num="42" count="4" type="stmt"/>
        <line num="43" count="4" type="stmt"/>
        <line num="48" count="1" type="stmt"/>
        <line num="49" count="0" type="stmt"/>
        <line num="50" count="0" type="stmt"/>
        <line num="51" count="0" type="stmt"/>
        <line num="56" count="1" type="stmt"/>
        <line num="57" count="0" type="stmt"/>
        <line num="58" count="0" type="stmt"/>
        <line num="63" count="1" type="stmt"/>
        <line num="65" count="0" type="stmt"/>
        <line num="66" count="0" type="stmt"/>
        <line num="71" count="1" type="stmt"/>
        <line num="72" count="0" type="stmt"/>
        <line num="73" count="0" type="stmt"/>
        <line num="74" count="0" type="stmt"/>
        <line num="79" count="1" type="stmt"/>
        <line num="80" count="15542" type="cond" truecount="2" falsecount="0"/>
        <line num="81" count="13" type="stmt"/>
        <line num="82" count="13" type="stmt"/>
        <line num="83" count="32" type="stmt"/>
        <line num="84" count="32" type="stmt"/>
        <line num="86" count="13" type="stmt"/>
        <line num="88" count="15542" type="cond" truecount="2" falsecount="0"/>
        <line num="89" count="13" type="stmt"/>
        <line num="90" count="13" type="stmt"/>
        <line num="91" count="0" type="stmt"/>
        <line num="92" count="0" type="stmt"/>
        <line num="94" count="13" type="stmt"/>
        <line num="101" count="1" type="stmt"/>
        <line num="102" count="11317" type="cond" truecount="4" falsecount="0"/>
        <line num="108" count="1" type="stmt"/>
        <line num="109" count="9881" type="stmt"/>
        <line num="110" count="9881" type="stmt"/>
        <line num="117" count="1" type="stmt"/>
        <line num="118" count="0" type="stmt"/>
        <line num="125" count="1" type="stmt"/>
        <line num="126" count="125" type="stmt"/>
        <line num="128" count="1" type="stmt"/>
        <line num="129" count="2827" type="stmt"/>
        <line num="130" count="2827" type="stmt"/>
        <line num="131" count="11308" type="stmt"/>
        <line num="132" count="11308" type="stmt"/>
        <line num="133" count="11308" type="cond" truecount="4" falsecount="0"/>
        <line num="134" count="9496" type="stmt"/>
        <line num="137" count="2827" type="stmt"/>
        <line num="139" count="1" type="stmt"/>
        <line num="140" count="5661" type="stmt"/>
        <line num="141" count="5661" type="cond" truecount="1" falsecount="1"/>
        <line num="143" count="1" type="stmt"/>
        <line num="144" count="4012" type="stmt"/>
        <line num="149" count="1" type="stmt"/>
        <line num="150" count="0" type="stmt"/>
        <line num="151" count="0" type="stmt"/>
        <line num="159" count="1" type="stmt"/>
        <line num="161" count="1" type="stmt"/>
      </file>
    </package>
    <package name="Types">
      <metrics statements="33" coveredstatements="22" conditionals="4" coveredconditionals="0" methods="11" coveredmethods="5"/>
      <file name="IVector2.ts" path="D:\project\ecs-framework\thirdparty\ecs-astar\src\Types\IVector2.ts">
        <metrics statements="33" coveredstatements="22" conditionals="4" coveredconditionals="0" methods="11" coveredmethods="5"/>
        <line num="2" count="1" type="stmt"/>
        <line num="3" count="1" type="stmt"/>
        <line num="7" count="1" type="stmt"/>
        <line num="13" count="1" type="stmt"/>
        <line num="14" count="0" type="cond" truecount="0" falsecount="2"/>
        <line num="15" count="0" type="stmt"/>
        <line num="17" count="0" type="cond" truecount="0" falsecount="2"/>
        <line num="22" count="1" type="stmt"/>
        <line num="23" count="141" type="stmt"/>
        <line num="28" count="1" type="stmt"/>
        <line num="29" count="0" type="stmt"/>
        <line num="34" count="1" type="stmt"/>
        <line num="35" count="11308" type="stmt"/>
        <line num="40" count="1" type="stmt"/>
        <line num="41" count="4026" type="stmt"/>
        <line num="46" count="1" type="stmt"/>
        <line num="47" count="0" type="stmt"/>
        <line num="48" count="0" type="stmt"/>
        <line num="49" count="0" type="stmt"/>
        <line num="55" count="1" type="stmt"/>
        <line num="56" count="29341" type="stmt"/>
        <line num="57" count="29341" type="stmt"/>
        <line num="58" count="29341" type="stmt"/>
        <line num="64" count="1" type="stmt"/>
        <line num="65" count="0" type="stmt"/>
        <line num="71" count="1" type="stmt"/>
        <line num="72" count="0" type="stmt"/>
        <line num="73" count="0" type="stmt"/>
        <line num="74" count="0" type="stmt"/>
        <line num="77" count="1" type="stmt"/>
        <line num="78" count="1" type="stmt"/>
        <line num="79" count="1" type="stmt"/>
        <line num="81" count="1" type="stmt"/>
      </file>
    </package>
    <package name="Utils">
      <metrics statements="53" coveredstatements="48" conditionals="18" coveredconditionals="15" methods="11" coveredmethods="8"/>
      <file name="PriorityQueue.ts" path="D:\project\ecs-framework\thirdparty\ecs-astar\src\Utils\PriorityQueue.ts">
        <metrics statements="53" coveredstatements="48" conditionals="18" coveredconditionals="15" methods="11" coveredmethods="8"/>
        <line num="2" count="1" type="stmt"/>
        <line num="3" count="1" type="stmt"/>
        <line num="4" count="1" type="stmt"/>
        <line num="6" count="129" type="stmt"/>
        <line num="7" count="129" type="stmt"/>
        <line num="9" count="1" type="stmt"/>
        <line num="14" count="0" type="stmt"/>
        <line num="19" count="1" type="stmt"/>
        <line num="24" count="4142" type="stmt"/>
        <line num="32" count="1" type="stmt"/>
        <line num="33" count="0" type="stmt"/>
        <line num="34" count="0" type="stmt"/>
        <line num="40" count="1" type="stmt"/>
        <line num="41" count="4012" type="stmt"/>
        <line num="42" count="4012" type="stmt"/>
        <line num="43" count="4012" type="stmt"/>
        <line num="48" count="1" type="stmt"/>
        <line num="49" count="4012" type="cond" truecount="1" falsecount="1"/>
        <line num="50" count="0" type="stmt"/>
        <line num="52" count="4012" type="stmt"/>
        <line num="53" count="4012" type="stmt"/>
        <line num="54" count="4012" type="cond" truecount="2" falsecount="0"/>
        <line num="55" count="3761" type="stmt"/>
        <line num="56" count="3761" type="stmt"/>
        <line num="58" count="4012" type="stmt"/>
        <line num="63" count="1" type="stmt"/>
        <line num="64" count="0" type="cond" truecount="0" falsecount="2"/>
        <line num="69" count="1" type="stmt"/>
        <line num="70" count="4012" type="stmt"/>
        <line num="71" count="3904" type="stmt"/>
        <line num="72" count="3904" type="cond" truecount="2" falsecount="0"/>
        <line num="73" count="3759" type="stmt"/>
        <line num="75" count="145" type="stmt"/>
        <line num="76" count="145" type="stmt"/>
        <line num="82" count="1" type="stmt"/>
        <line num="83" count="3761" type="stmt"/>
        <line num="84" count="5857" type="stmt"/>
        <line num="85" count="5857" type="stmt"/>
        <line num="86" count="5857" type="stmt"/>
        <line num="87" count="5857" type="cond" truecount="4" falsecount="0"/>
        <line num="89" count="1453" type="stmt"/>
        <line num="91" count="5857" type="cond" truecount="4" falsecount="0"/>
        <line num="93" count="643" type="stmt"/>
        <line num="95" count="5857" type="cond" truecount="2" falsecount="0"/>
        <line num="96" count="3761" type="stmt"/>
        <line num="98" count="2096" type="stmt"/>
        <line num="99" count="2096" type="stmt"/>
        <line num="105" count="1" type="stmt"/>
        <line num="106" count="2241" type="stmt"/>
        <line num="107" count="2241" type="stmt"/>
        <line num="108" count="2241" type="stmt"/>
        <line num="110" count="1" type="stmt"/>
        <line num="112" count="1" type="stmt"/>
      </file>
    </package>
  </project>
</coverage>
