{"D:\\project\\ecs-framework\\thirdparty\\ecs-astar\\src\\AI\\Pathfinding\\AStar\\AStarPathfinder.ts": {"path":"D:\\project\\ecs-framework\\thirdparty\\ecs-astar\\src\\AI\\Pathfinding\\AStar\\AStarPathfinder.ts","statementMap":{"0":{"start":{"line":2,"column":20},"end":{"line":10,"column":1}},"1":{"start":{"line":3,"column":4},"end":{"line":8,"column":5}},"2":{"start":{"line":3,"column":40},"end":{"line":8,"column":5}},"3":{"start":{"line":3,"column":53},"end":{"line":3,"column":54}},"4":{"start":{"line":3,"column":60},"end":{"line":3,"column":71}},"5":{"start":{"line":4,"column":8},"end":{"line":7,"column":9}},"6":{"start":{"line":5,"column":12},"end":{"line":5,"column":65}},"7":{"start":{"line":5,"column":21},"end":{"line":5,"column":65}},"8":{"start":{"line":6,"column":12},"end":{"line":6,"column":28}},"9":{"start":{"line":9,"column":4},"end":{"line":9,"column":61}},"10":{"start":{"line":11,"column":0},"end":{"line":11,"column":62}},"11":{"start":{"line":12,"column":0},"end":{"line":12,"column":33}},"12":{"start":{"line":13,"column":17},"end":{"line":13,"column":51}},"13":{"start":{"line":14,"column":22},"end":{"line":14,"column":61}},"14":{"start":{"line":18,"column":31},"end":{"line":62,"column":3}},"15":{"start":{"line":20,"column":8},"end":{"line":20,"column":44}},"16":{"start":{"line":20,"column":32},"end":{"line":20,"column":42}},"17":{"start":{"line":21,"column":8},"end":{"line":21,"column":44}},"18":{"start":{"line":21,"column":32},"end":{"line":21,"column":42}},"19":{"start":{"line":22,"column":8},"end":{"line":22,"column":49}},"20":{"start":{"line":22,"column":33},"end":{"line":22,"column":47}},"21":{"start":{"line":23,"column":8},"end":{"line":23,"column":26}},"22":{"start":{"line":24,"column":8},"end":{"line":24,"column":23}},"23":{"start":{"line":25,"column":8},"end":{"line":25,"column":23}},"24":{"start":{"line":26,"column":8},"end":{"line":26,"column":27}},"25":{"start":{"line":27,"column":8},"end":{"line":27,"column":22}},"26":{"start":{"line":28,"column":8},"end":{"line":28,"column":25}},"27":{"start":{"line":29,"column":8},"end":{"line":29,"column":27}},"28":{"start":{"line":30,"column":8},"end":{"line":30,"column":27}},"29":{"start":{"line":31,"column":8},"end":{"line":31,"column":38}},"30":{"start":{"line":32,"column":8},"end":{"line":32,"column":29}},"31":{"start":{"line":33,"column":8},"end":{"line":33,"column":57}},"32":{"start":{"line":35,"column":4},"end":{"line":41,"column":6}},"33":{"start":{"line":36,"column":8},"end":{"line":36,"column":49}},"34":{"start":{"line":36,"column":33},"end":{"line":36,"column":47}},"35":{"start":{"line":37,"column":8},"end":{"line":37,"column":27}},"36":{"start":{"line":38,"column":8},"end":{"line":38,"column":27}},"37":{"start":{"line":39,"column":8},"end":{"line":39,"column":38}},"38":{"start":{"line":40,"column":8},"end":{"line":40,"column":29}},"39":{"start":{"line":42,"column":4},"end":{"line":52,"column":6}},"40":{"start":{"line":43,"column":8},"end":{"line":43,"column":44}},"41":{"start":{"line":43,"column":32},"end":{"line":43,"column":42}},"42":{"start":{"line":44,"column":8},"end":{"line":44,"column":44}},"43":{"start":{"line":44,"column":32},"end":{"line":44,"column":42}},"44":{"start":{"line":45,"column":8},"end":{"line":45,"column":49}},"45":{"start":{"line":45,"column":33},"end":{"line":45,"column":47}},"46":{"start":{"line":46,"column":8},"end":{"line":46,"column":25}},"47":{"start":{"line":47,"column":8},"end":{"line":47,"column":27}},"48":{"start":{"line":48,"column":8},"end":{"line":48,"column":27}},"49":{"start":{"line":49,"column":8},"end":{"line":49,"column":38}},"50":{"start":{"line":50,"column":8},"end":{"line":50,"column":29}},"51":{"start":{"line":51,"column":8},"end":{"line":51,"column":57}},"52":{"start":{"line":53,"column":4},"end":{"line":60,"column":6}},"53":{"start":{"line":54,"column":8},"end":{"line":54,"column":25}},"54":{"start":{"line":55,"column":8},"end":{"line":55,"column":26}},"55":{"start":{"line":56,"column":8},"end":{"line":56,"column":23}},"56":{"start":{"line":57,"column":8},"end":{"line":57,"column":23}},"57":{"start":{"line":58,"column":8},"end":{"line":58,"column":27}},"58":{"start":{"line":59,"column":8},"end":{"line":59,"column":22}},"59":{"start":{"line":61,"column":4},"end":{"line":61,"column":21}},"60":{"start":{"line":66,"column":37},"end":{"line":255,"column":3}},"61":{"start":{"line":72,"column":4},"end":{"line":84,"column":6}},"62":{"start":{"line":73,"column":8},"end":{"line":73,"column":44}},"63":{"start":{"line":73,"column":32},"end":{"line":73,"column":42}},"64":{"start":{"line":74,"column":8},"end":{"line":74,"column":44}},"65":{"start":{"line":74,"column":32},"end":{"line":74,"column":42}},"66":{"start":{"line":75,"column":8},"end":{"line":75,"column":49}},"67":{"start":{"line":75,"column":33},"end":{"line":75,"column":47}},"68":{"start":{"line":76,"column":24},"end":{"line":76,"column":44}},"69":{"start":{"line":77,"column":8},"end":{"line":82,"column":9}},"70":{"start":{"line":78,"column":12},"end":{"line":78,"column":66}},"71":{"start":{"line":81,"column":12},"end":{"line":81,"column":61}},"72":{"start":{"line":83,"column":8},"end":{"line":83,"column":25}},"73":{"start":{"line":88,"column":4},"end":{"line":93,"column":6}},"74":{"start":{"line":89,"column":8},"end":{"line":92,"column":9}},"75":{"start":{"line":90,"column":12},"end":{"line":90,"column":25}},"76":{"start":{"line":91,"column":12},"end":{"line":91,"column":38}},"77":{"start":{"line":101,"column":4},"end":{"line":169,"column":6}},"78":{"start":{"line":102,"column":22},"end":{"line":102,"column":57}},"79":{"start":{"line":103,"column":24},"end":{"line":103,"column":33}},"80":{"start":{"line":104,"column":25},"end":{"line":104,"column":34}},"81":{"start":{"line":105,"column":24},"end":{"line":105,"column":61}},"82":{"start":{"line":106,"column":23},"end":{"line":106,"column":59}},"83":{"start":{"line":107,"column":8},"end":{"line":109,"column":9}},"84":{"start":{"line":108,"column":12},"end":{"line":108,"column":73}},"85":{"start":{"line":112,"column":24},"end":{"line":112,"column":29}},"86":{"start":{"line":113,"column":8},"end":{"line":120,"column":9}},"87":{"start":{"line":114,"column":12},"end":{"line":116,"column":13}},"88":{"start":{"line":115,"column":16},"end":{"line":115,"column":58}},"89":{"start":{"line":117,"column":12},"end":{"line":119,"column":13}},"90":{"start":{"line":118,"column":16},"end":{"line":118,"column":58}},"91":{"start":{"line":121,"column":24},"end":{"line":121,"column":77}},"92":{"start":{"line":122,"column":8},"end":{"line":122,"column":35}},"93":{"start":{"line":123,"column":8},"end":{"line":123,"column":45}},"94":{"start":{"line":125,"column":29},"end":{"line":125,"column":31}},"95":{"start":{"line":126,"column":8},"end":{"line":159,"column":9}},"96":{"start":{"line":127,"column":26},"end":{"line":127,"column":43}},"97":{"start":{"line":128,"column":30},"end":{"line":128,"column":42}},"98":{"start":{"line":129,"column":12},"end":{"line":129,"column":43}},"99":{"start":{"line":130,"column":12},"end":{"line":133,"column":13}},"100":{"start":{"line":131,"column":16},"end":{"line":131,"column":35}},"101":{"start":{"line":132,"column":16},"end":{"line":132,"column":22}},"102":{"start":{"line":134,"column":12},"end":{"line":134,"column":39}},"103":{"start":{"line":135,"column":12},"end":{"line":155,"column":13}},"104":{"start":{"line":135,"column":26},"end":{"line":135,"column":27}},"105":{"start":{"line":135,"column":34},"end":{"line":135,"column":66}},"106":{"start":{"line":136,"column":31},"end":{"line":136,"column":37}},"107":{"start":{"line":137,"column":35},"end":{"line":137,"column":75}},"108":{"start":{"line":138,"column":16},"end":{"line":140,"column":17}},"109":{"start":{"line":139,"column":20},"end":{"line":139,"column":29}},"110":{"start":{"line":141,"column":38},"end":{"line":141,"column":88}},"111":{"start":{"line":142,"column":35},"end":{"line":142,"column":63}},"112":{"start":{"line":143,"column":16},"end":{"line":154,"column":17}},"113":{"start":{"line":144,"column":20},"end":{"line":147,"column":21}},"114":{"start":{"line":145,"column":36},"end":{"line":145,"column":54}},"115":{"start":{"line":146,"column":24},"end":{"line":146,"column":82}},"116":{"start":{"line":150,"column":32},"end":{"line":150,"column":63}},"117":{"start":{"line":151,"column":39},"end":{"line":151,"column":95}},"118":{"start":{"line":152,"column":20},"end":{"line":152,"column":50}},"119":{"start":{"line":153,"column":20},"end":{"line":153,"column":63}},"120":{"start":{"line":158,"column":12},"end":{"line":158,"column":41}},"121":{"start":{"line":162,"column":29},"end":{"line":162,"column":31}},"122":{"start":{"line":163,"column":8},"end":{"line":165,"column":9}},"123":{"start":{"line":164,"column":12},"end":{"line":164,"column":51}},"124":{"start":{"line":167,"column":32},"end":{"line":167,"column":108}},"125":{"start":{"line":168,"column":8},"end":{"line":168,"column":90}},"126":{"start":{"line":177,"column":4},"end":{"line":199,"column":6}},"127":{"start":{"line":178,"column":21},"end":{"line":178,"column":52}},"128":{"start":{"line":179,"column":8},"end":{"line":188,"column":9}},"129":{"start":{"line":181,"column":12},"end":{"line":186,"column":13}},"130":{"start":{"line":182,"column":16},"end":{"line":185,"column":17}},"131":{"start":{"line":182,"column":30},"end":{"line":182,"column":31}},"132":{"start":{"line":182,"column":38},"end":{"line":182,"column":57}},"133":{"start":{"line":183,"column":31},"end":{"line":183,"column":37}},"134":{"start":{"line":184,"column":20},"end":{"line":184,"column":44}},"135":{"start":{"line":187,"column":12},"end":{"line":187,"column":22}},"136":{"start":{"line":190,"column":19},"end":{"line":190,"column":64}},"137":{"start":{"line":192,"column":8},"end":{"line":197,"column":9}},"138":{"start":{"line":193,"column":12},"end":{"line":196,"column":13}},"139":{"start":{"line":193,"column":26},"end":{"line":193,"column":27}},"140":{"start":{"line":193,"column":34},"end":{"line":193,"column":53}},"141":{"start":{"line":194,"column":27},"end":{"line":194,"column":33}},"142":{"start":{"line":195,"column":16},"end":{"line":195,"column":40}},"143":{"start":{"line":198,"column":8},"end":{"line":198,"column":20}},"144":{"start":{"line":203,"column":4},"end":{"line":211,"column":6}},"145":{"start":{"line":204,"column":8},"end":{"line":204,"column":34}},"146":{"start":{"line":205,"column":22},"end":{"line":205,"column":30}},"147":{"start":{"line":206,"column":8},"end":{"line":209,"column":9}},"148":{"start":{"line":207,"column":12},"end":{"line":207,"column":49}},"149":{"start":{"line":208,"column":12},"end":{"line":208,"column":37}},"150":{"start":{"line":210,"column":8},"end":{"line":210,"column":55}},"151":{"start":{"line":219,"column":4},"end":{"line":235,"column":6}},"152":{"start":{"line":220,"column":21},"end":{"line":220,"column":52}},"153":{"start":{"line":222,"column":8},"end":{"line":224,"column":9}},"154":{"start":{"line":223,"column":12},"end":{"line":223,"column":47}},"155":{"start":{"line":226,"column":8},"end":{"line":233,"column":9}},"156":{"start":{"line":227,"column":12},"end":{"line":232,"column":13}},"157":{"start":{"line":227,"column":26},"end":{"line":227,"column":27}},"158":{"start":{"line":227,"column":34},"end":{"line":227,"column":53}},"159":{"start":{"line":228,"column":27},"end":{"line":228,"column":33}},"160":{"start":{"line":229,"column":16},"end":{"line":231,"column":17}},"161":{"start":{"line":230,"column":20},"end":{"line":230,"column":44}},"162":{"start":{"line":234,"column":8},"end":{"line":234,"column":28}},"163":{"start":{"line":239,"column":4},"end":{"line":242,"column":6}},"164":{"start":{"line":240,"column":8},"end":{"line":240,"column":34}},"165":{"start":{"line":241,"column":8},"end":{"line":241,"column":34}},"166":{"start":{"line":246,"column":4},"end":{"line":251,"column":6}},"167":{"start":{"line":247,"column":8},"end":{"line":250,"column":10}},"168":{"start":{"line":252,"column":4},"end":{"line":252,"column":35}},"169":{"start":{"line":253,"column":4},"end":{"line":253,"column":35}},"170":{"start":{"line":254,"column":4},"end":{"line":254,"column":27}},"171":{"start":{"line":256,"column":0},"end":{"line":256,"column":42}}},"fnMap":{"0":{"name":"(anonymous_0)","decl":{"start":{"line":2,"column":52},"end":{"line":2,"column":53}},"loc":{"start":{"line":2,"column":78},"end":{"line":10,"column":1}},"line":2},"1":{"name":"(anonymous_1)","decl":{"start":{"line":18,"column":31},"end":{"line":18,"column":32}},"loc":{"start":{"line":18,"column":43},"end":{"line":62,"column":1}},"line":18},"2":{"name":"AStarNode","decl":{"start":{"line":19,"column":13},"end":{"line":19,"column":22}},"loc":{"start":{"line":19,"column":51},"end":{"line":34,"column":5}},"line":19},"3":{"name":"(anonymous_3)","decl":{"start":{"line":35,"column":38},"end":{"line":35,"column":39}},"loc":{"start":{"line":35,"column":70},"end":{"line":41,"column":5}},"line":35},"4":{"name":"(anonymous_4)","decl":{"start":{"line":42,"column":37},"end":{"line":42,"column":38}},"loc":{"start":{"line":42,"column":75},"end":{"line":52,"column":5}},"line":42},"5":{"name":"(anonymous_5)","decl":{"start":{"line":53,"column":32},"end":{"line":53,"column":33}},"loc":{"start":{"line":53,"column":44},"end":{"line":60,"column":5}},"line":53},"6":{"name":"(anonymous_6)","decl":{"start":{"line":66,"column":37},"end":{"line":66,"column":38}},"loc":{"start":{"line":66,"column":49},"end":{"line":255,"column":1}},"line":66},"7":{"name":"AStarPathfinder","decl":{"start":{"line":67,"column":13},"end":{"line":67,"column":28}},"loc":{"start":{"line":67,"column":31},"end":{"line":68,"column":5}},"line":67},"8":{"name":"(anonymous_8)","decl":{"start":{"line":72,"column":31},"end":{"line":72,"column":32}},"loc":{"start":{"line":72,"column":69},"end":{"line":84,"column":5}},"line":72},"9":{"name":"(anonymous_9)","decl":{"start":{"line":88,"column":35},"end":{"line":88,"column":36}},"loc":{"start":{"line":88,"column":51},"end":{"line":93,"column":5}},"line":88},"10":{"name":"(anonymous_10)","decl":{"start":{"line":101,"column":29},"end":{"line":101,"column":30}},"loc":{"start":{"line":101,"column":59},"end":{"line":169,"column":5}},"line":101},"11":{"name":"(anonymous_11)","decl":{"start":{"line":177,"column":33},"end":{"line":177,"column":34}},"loc":{"start":{"line":177,"column":63},"end":{"line":199,"column":5}},"line":177},"12":{"name":"(anonymous_12)","decl":{"start":{"line":203,"column":46},"end":{"line":203,"column":47}},"loc":{"start":{"line":203,"column":66},"end":{"line":211,"column":5}},"line":203},"13":{"name":"(anonymous_13)","decl":{"start":{"line":219,"column":30},"end":{"line":219,"column":31}},"loc":{"start":{"line":219,"column":60},"end":{"line":235,"column":5}},"line":219},"14":{"name":"(anonymous_14)","decl":{"start":{"line":239,"column":32},"end":{"line":239,"column":33}},"loc":{"start":{"line":239,"column":44},"end":{"line":242,"column":5}},"line":239},"15":{"name":"(anonymous_15)","decl":{"start":{"line":246,"column":35},"end":{"line":246,"column":36}},"loc":{"start":{"line":246,"column":47},"end":{"line":251,"column":5}},"line":246}},"branchMap":{"0":{"loc":{"start":{"line":2,"column":20},"end":{"line":10,"column":1}},"type":"binary-expr","locations":[{"start":{"line":2,"column":21},"end":{"line":2,"column":25}},{"start":{"line":2,"column":29},"end":{"line":2,"column":47}},{"start":{"line":2,"column":52},"end":{"line":10,"column":1}}],"line":2},"1":{"loc":{"start":{"line":3,"column":4},"end":{"line":8,"column":5}},"type":"if","locations":[{"start":{"line":3,"column":4},"end":{"line":8,"column":5}},{"start":{},"end":{}}],"line":3},"2":{"loc":{"start":{"line":3,"column":8},"end":{"line":3,"column":38}},"type":"binary-expr","locations":[{"start":{"line":3,"column":8},"end":{"line":3,"column":12}},{"start":{"line":3,"column":16},"end":{"line":3,"column":38}}],"line":3},"3":{"loc":{"start":{"line":4,"column":8},"end":{"line":7,"column":9}},"type":"if","locations":[{"start":{"line":4,"column":8},"end":{"line":7,"column":9}},{"start":{},"end":{}}],"line":4},"4":{"loc":{"start":{"line":4,"column":12},"end":{"line":4,"column":30}},"type":"binary-expr","locations":[{"start":{"line":4,"column":12},"end":{"line":4,"column":14}},{"start":{"line":4,"column":18},"end":{"line":4,"column":30}}],"line":4},"5":{"loc":{"start":{"line":5,"column":12},"end":{"line":5,"column":65}},"type":"if","locations":[{"start":{"line":5,"column":12},"end":{"line":5,"column":65}},{"start":{},"end":{}}],"line":5},"6":{"loc":{"start":{"line":9,"column":21},"end":{"line":9,"column":59}},"type":"binary-expr","locations":[{"start":{"line":9,"column":21},"end":{"line":9,"column":23}},{"start":{"line":9,"column":27},"end":{"line":9,"column":59}}],"line":9},"7":{"loc":{"start":{"line":20,"column":8},"end":{"line":20,"column":44}},"type":"if","locations":[{"start":{"line":20,"column":8},"end":{"line":20,"column":44}},{"start":{},"end":{}}],"line":20},"8":{"loc":{"start":{"line":21,"column":8},"end":{"line":21,"column":44}},"type":"if","locations":[{"start":{"line":21,"column":8},"end":{"line":21,"column":44}},{"start":{},"end":{}}],"line":21},"9":{"loc":{"start":{"line":22,"column":8},"end":{"line":22,"column":49}},"type":"if","locations":[{"start":{"line":22,"column":8},"end":{"line":22,"column":49}},{"start":{},"end":{}}],"line":22},"10":{"loc":{"start":{"line":36,"column":8},"end":{"line":36,"column":49}},"type":"if","locations":[{"start":{"line":36,"column":8},"end":{"line":36,"column":49}},{"start":{},"end":{}}],"line":36},"11":{"loc":{"start":{"line":43,"column":8},"end":{"line":43,"column":44}},"type":"if","locations":[{"start":{"line":43,"column":8},"end":{"line":43,"column":44}},{"start":{},"end":{}}],"line":43},"12":{"loc":{"start":{"line":44,"column":8},"end":{"line":44,"column":44}},"type":"if","locations":[{"start":{"line":44,"column":8},"end":{"line":44,"column":44}},{"start":{},"end":{}}],"line":44},"13":{"loc":{"start":{"line":45,"column":8},"end":{"line":45,"column":49}},"type":"if","locations":[{"start":{"line":45,"column":8},"end":{"line":45,"column":49}},{"start":{},"end":{}}],"line":45},"14":{"loc":{"start":{"line":73,"column":8},"end":{"line":73,"column":44}},"type":"if","locations":[{"start":{"line":73,"column":8},"end":{"line":73,"column":44}},{"start":{},"end":{}}],"line":73},"15":{"loc":{"start":{"line":74,"column":8},"end":{"line":74,"column":44}},"type":"if","locations":[{"start":{"line":74,"column":8},"end":{"line":74,"column":44}},{"start":{},"end":{}}],"line":74},"16":{"loc":{"start":{"line":75,"column":8},"end":{"line":75,"column":49}},"type":"if","locations":[{"start":{"line":75,"column":8},"end":{"line":75,"column":49}},{"start":{},"end":{}}],"line":75},"17":{"loc":{"start":{"line":77,"column":8},"end":{"line":82,"column":9}},"type":"if","locations":[{"start":{"line":77,"column":8},"end":{"line":82,"column":9}},{"start":{"line":80,"column":13},"end":{"line":82,"column":9}}],"line":77},"18":{"loc":{"start":{"line":89,"column":8},"end":{"line":92,"column":9}},"type":"if","locations":[{"start":{"line":89,"column":8},"end":{"line":92,"column":9}},{"start":{},"end":{}}],"line":89},"19":{"loc":{"start":{"line":107,"column":8},"end":{"line":109,"column":9}},"type":"if","locations":[{"start":{"line":107,"column":8},"end":{"line":109,"column":9}},{"start":{},"end":{}}],"line":107},"20":{"loc":{"start":{"line":113,"column":8},"end":{"line":120,"column":9}},"type":"if","locations":[{"start":{"line":113,"column":8},"end":{"line":120,"column":9}},{"start":{},"end":{}}],"line":113},"21":{"loc":{"start":{"line":114,"column":12},"end":{"line":116,"column":13}},"type":"if","locations":[{"start":{"line":114,"column":12},"end":{"line":116,"column":13}},{"start":{},"end":{}}],"line":114},"22":{"loc":{"start":{"line":117,"column":12},"end":{"line":119,"column":13}},"type":"if","locations":[{"start":{"line":117,"column":12},"end":{"line":119,"column":13}},{"start":{},"end":{}}],"line":117},"23":{"loc":{"start":{"line":130,"column":12},"end":{"line":133,"column":13}},"type":"if","locations":[{"start":{"line":130,"column":12},"end":{"line":133,"column":13}},{"start":{},"end":{}}],"line":130},"24":{"loc":{"start":{"line":138,"column":16},"end":{"line":140,"column":17}},"type":"if","locations":[{"start":{"line":138,"column":16},"end":{"line":140,"column":17}},{"start":{},"end":{}}],"line":138},"25":{"loc":{"start":{"line":143,"column":16},"end":{"line":154,"column":17}},"type":"if","locations":[{"start":{"line":143,"column":16},"end":{"line":154,"column":17}},{"start":{"line":149,"column":21},"end":{"line":154,"column":17}}],"line":143},"26":{"loc":{"start":{"line":144,"column":20},"end":{"line":147,"column":21}},"type":"if","locations":[{"start":{"line":144,"column":20},"end":{"line":147,"column":21}},{"start":{},"end":{}}],"line":144},"27":{"loc":{"start":{"line":179,"column":8},"end":{"line":188,"column":9}},"type":"if","locations":[{"start":{"line":179,"column":8},"end":{"line":188,"column":9}},{"start":{},"end":{}}],"line":179},"28":{"loc":{"start":{"line":179,"column":12},"end":{"line":179,"column":45}},"type":"binary-expr","locations":[{"start":{"line":179,"column":12},"end":{"line":179,"column":25}},{"start":{"line":179,"column":29},"end":{"line":179,"column":45}}],"line":179},"29":{"loc":{"start":{"line":181,"column":12},"end":{"line":186,"column":13}},"type":"if","locations":[{"start":{"line":181,"column":12},"end":{"line":186,"column":13}},{"start":{},"end":{}}],"line":181},"30":{"loc":{"start":{"line":192,"column":8},"end":{"line":197,"column":9}},"type":"if","locations":[{"start":{"line":192,"column":8},"end":{"line":197,"column":9}},{"start":{},"end":{}}],"line":192},"31":{"loc":{"start":{"line":222,"column":8},"end":{"line":224,"column":9}},"type":"if","locations":[{"start":{"line":222,"column":8},"end":{"line":224,"column":9}},{"start":{},"end":{}}],"line":222},"32":{"loc":{"start":{"line":226,"column":8},"end":{"line":233,"column":9}},"type":"if","locations":[{"start":{"line":226,"column":8},"end":{"line":233,"column":9}},{"start":{},"end":{}}],"line":226},"33":{"loc":{"start":{"line":229,"column":16},"end":{"line":231,"column":17}},"type":"if","locations":[{"start":{"line":229,"column":16},"end":{"line":231,"column":17}},{"start":{},"end":{}}],"line":229}},"s":{"0":1,"1":372,"2":372,"3":372,"4":372,"5":5096,"6":0,"7":0,"8":0,"9":372,"10":1,"11":1,"12":1,"13":1,"14":1,"15":1508,"16":0,"17":1508,"18":0,"19":1508,"20":0,"21":1508,"22":1508,"23":1508,"24":1508,"25":1508,"26":1508,"27":1508,"28":1508,"29":1508,"30":1508,"31":1508,"32":1,"33":106,"34":0,"35":106,"36":106,"37":106,"38":106,"39":1,"40":2505,"41":0,"42":2505,"43":0,"44":2505,"45":0,"46":2505,"47":2505,"48":2505,"49":2505,"50":2505,"51":2505,"52":1,"53":3751,"54":3751,"55":3751,"56":3751,"57":3751,"58":3751,"59":1,"60":1,"61":1,"62":4013,"63":0,"64":4013,"65":0,"66":4013,"67":127,"68":4013,"69":4013,"70":1508,"71":2505,"72":4013,"73":1,"74":3891,"75":3751,"76":3751,"77":1,"78":129,"79":129,"80":129,"81":129,"82":129,"83":129,"84":1,"85":128,"86":128,"87":128,"88":1,"89":127,"90":1,"91":126,"92":126,"93":126,"94":126,"95":126,"96":2949,"97":2949,"98":2949,"99":2949,"100":122,"101":122,"102":2827,"103":2827,"104":2827,"105":2827,"106":9496,"107":9496,"108":9496,"109":3835,"110":5661,"111":5661,"112":5661,"113":1775,"114":106,"115":106,"116":3886,"117":3886,"118":3886,"119":3886,"120":2827,"121":126,"122":126,"123":1063,"124":126,"125":126,"126":1,"127":125,"128":125,"129":5,"130":5,"131":5,"132":5,"133":42,"134":42,"135":5,"136":120,"137":120,"138":119,"139":119,"140":119,"141":3800,"142":3800,"143":120,"144":1,"145":120,"146":120,"147":120,"148":1206,"149":1206,"150":120,"151":1,"152":2,"153":2,"154":1,"155":2,"156":2,"157":2,"158":2,"159":31,"160":31,"161":31,"162":2,"163":1,"164":29,"165":29,"166":1,"167":7,"168":1,"169":1,"170":1,"171":1},"f":{"0":372,"1":1,"2":1508,"3":106,"4":2505,"5":3751,"6":1,"7":0,"8":4013,"9":3891,"10":129,"11":125,"12":120,"13":2,"14":29,"15":7},"b":{"0":[1,1,1],"1":[372,0],"2":[372,0],"3":[0,5096],"4":[5096,5096],"5":[0,0],"6":[372,372],"7":[0,1508],"8":[0,1508],"9":[0,1508],"10":[0,106],"11":[0,2505],"12":[0,2505],"13":[0,2505],"14":[0,4013],"15":[0,4013],"16":[127,3886],"17":[1508,2505],"18":[3751,140],"19":[1,128],"20":[128,0],"21":[1,127],"22":[1,126],"23":[122,2827],"24":[3835,5661],"25":[1775,3886],"26":[106,1669],"27":[5,120],"28":[125,120],"29":[5,0],"30":[119,1],"31":[1,1],"32":[2,0],"33":[31,0]},"_coverageSchema":"1a1c01bbd47fc00a2c39e90264f33305004495a9","hash":"288264b6c59a62e2d155181298511b78672886f6"}
,"D:\\project\\ecs-framework\\thirdparty\\ecs-astar\\src\\AI\\Pathfinding\\AStar\\AstarGridGraph.ts": {"path":"D:\\project\\ecs-framework\\thirdparty\\ecs-astar\\src\\AI\\Pathfinding\\AStar\\AstarGridGraph.ts","statementMap":{"0":{"start":{"line":2,"column":0},"end":{"line":2,"column":62}},"1":{"start":{"line":3,"column":0},"end":{"line":3,"column":32}},"2":{"start":{"line":4,"column":17},"end":{"line":4,"column":51}},"3":{"start":{"line":5,"column":24},"end":{"line":5,"column":52}},"4":{"start":{"line":10,"column":36},"end":{"line":160,"column":3}},"5":{"start":{"line":12,"column":8},"end":{"line":17,"column":10}},"6":{"start":{"line":18,"column":8},"end":{"line":18,"column":24}},"7":{"start":{"line":19,"column":8},"end":{"line":19,"column":32}},"8":{"start":{"line":20,"column":8},"end":{"line":20,"column":31}},"9":{"start":{"line":21,"column":8},"end":{"line":21,"column":36}},"10":{"start":{"line":22,"column":8},"end":{"line":22,"column":39}},"11":{"start":{"line":23,"column":8},"end":{"line":23,"column":35}},"12":{"start":{"line":24,"column":8},"end":{"line":24,"column":43}},"13":{"start":{"line":25,"column":8},"end":{"line":25,"column":32}},"14":{"start":{"line":26,"column":8},"end":{"line":26,"column":40}},"15":{"start":{"line":27,"column":8},"end":{"line":27,"column":28}},"16":{"start":{"line":28,"column":8},"end":{"line":28,"column":30}},"17":{"start":{"line":33,"column":4},"end":{"line":36,"column":6}},"18":{"start":{"line":34,"column":8},"end":{"line":34,"column":30}},"19":{"start":{"line":35,"column":8},"end":{"line":35,"column":32}},"20":{"start":{"line":40,"column":4},"end":{"line":44,"column":6}},"21":{"start":{"line":42,"column":8},"end":{"line":42,"column":48}},"22":{"start":{"line":43,"column":8},"end":{"line":43,"column":32}},"23":{"start":{"line":48,"column":4},"end":{"line":52,"column":6}},"24":{"start":{"line":49,"column":8},"end":{"line":49,"column":30}},"25":{"start":{"line":50,"column":8},"end":{"line":50,"column":31}},"26":{"start":{"line":51,"column":8},"end":{"line":51,"column":33}},"27":{"start":{"line":56,"column":4},"end":{"line":59,"column":6}},"28":{"start":{"line":57,"column":8},"end":{"line":57,"column":38}},"29":{"start":{"line":58,"column":8},"end":{"line":58,"column":40}},"30":{"start":{"line":63,"column":4},"end":{"line":67,"column":6}},"31":{"start":{"line":65,"column":8},"end":{"line":65,"column":56}},"32":{"start":{"line":66,"column":8},"end":{"line":66,"column":40}},"33":{"start":{"line":71,"column":4},"end":{"line":75,"column":6}},"34":{"start":{"line":72,"column":8},"end":{"line":72,"column":38}},"35":{"start":{"line":73,"column":8},"end":{"line":73,"column":39}},"36":{"start":{"line":74,"column":8},"end":{"line":74,"column":41}},"37":{"start":{"line":79,"column":4},"end":{"line":96,"column":6}},"38":{"start":{"line":80,"column":8},"end":{"line":87,"column":9}},"39":{"start":{"line":81,"column":12},"end":{"line":81,"column":35}},"40":{"start":{"line":82,"column":12},"end":{"line":85,"column":13}},"41":{"start":{"line":82,"column":26},"end":{"line":82,"column":27}},"42":{"start":{"line":82,"column":34},"end":{"line":82,"column":44}},"43":{"start":{"line":83,"column":27},"end":{"line":83,"column":33}},"44":{"start":{"line":84,"column":16},"end":{"line":84,"column":73}},"45":{"start":{"line":86,"column":12},"end":{"line":86,"column":37}},"46":{"start":{"line":88,"column":8},"end":{"line":95,"column":9}},"47":{"start":{"line":89,"column":12},"end":{"line":89,"column":43}},"48":{"start":{"line":90,"column":12},"end":{"line":93,"column":13}},"49":{"start":{"line":90,"column":26},"end":{"line":90,"column":27}},"50":{"start":{"line":90,"column":34},"end":{"line":90,"column":52}},"51":{"start":{"line":91,"column":27},"end":{"line":91,"column":33}},"52":{"start":{"line":92,"column":16},"end":{"line":92,"column":81}},"53":{"start":{"line":94,"column":12},"end":{"line":94,"column":45}},"54":{"start":{"line":101,"column":4},"end":{"line":103,"column":6}},"55":{"start":{"line":102,"column":8},"end":{"line":102,"column":91}},"56":{"start":{"line":108,"column":4},"end":{"line":111,"column":6}},"57":{"start":{"line":109,"column":8},"end":{"line":109,"column":31}},"58":{"start":{"line":110,"column":8},"end":{"line":110,"column":73}},"59":{"start":{"line":117,"column":4},"end":{"line":119,"column":6}},"60":{"start":{"line":118,"column":8},"end":{"line":118,"column":76}},"61":{"start":{"line":125,"column":4},"end":{"line":127,"column":6}},"62":{"start":{"line":126,"column":8},"end":{"line":126,"column":79}},"63":{"start":{"line":128,"column":4},"end":{"line":138,"column":6}},"64":{"start":{"line":129,"column":8},"end":{"line":129,"column":35}},"65":{"start":{"line":130,"column":8},"end":{"line":136,"column":9}},"66":{"start":{"line":130,"column":22},"end":{"line":130,"column":23}},"67":{"start":{"line":130,"column":30},"end":{"line":130,"column":39}},"68":{"start":{"line":131,"column":22},"end":{"line":131,"column":28}},"69":{"start":{"line":132,"column":23},"end":{"line":132,"column":61}},"70":{"start":{"line":133,"column":12},"end":{"line":135,"column":13}},"71":{"start":{"line":134,"column":16},"end":{"line":134,"column":43}},"72":{"start":{"line":137,"column":8},"end":{"line":137,"column":31}},"73":{"start":{"line":139,"column":4},"end":{"line":142,"column":6}},"74":{"start":{"line":140,"column":8},"end":{"line":140,"column":31}},"75":{"start":{"line":141,"column":8},"end":{"line":141,"column":125}},"76":{"start":{"line":143,"column":4},"end":{"line":145,"column":6}},"77":{"start":{"line":144,"column":8},"end":{"line":144,"column":69}},"78":{"start":{"line":149,"column":4},"end":{"line":158,"column":6}},"79":{"start":{"line":150,"column":8},"end":{"line":150,"column":31}},"80":{"start":{"line":151,"column":8},"end":{"line":157,"column":10}},"81":{"start":{"line":159,"column":4},"end":{"line":159,"column":26}},"82":{"start":{"line":161,"column":0},"end":{"line":161,"column":40}}},"fnMap":{"0":{"name":"(anonymous_0)","decl":{"start":{"line":10,"column":36},"end":{"line":10,"column":37}},"loc":{"start":{"line":10,"column":48},"end":{"line":160,"column":1}},"line":10},"1":{"name":"AstarGridGraph","decl":{"start":{"line":11,"column":13},"end":{"line":11,"column":27}},"loc":{"start":{"line":11,"column":43},"end":{"line":29,"column":5}},"line":11},"2":{"name":"(anonymous_2)","decl":{"start":{"line":33,"column":39},"end":{"line":33,"column":40}},"loc":{"start":{"line":33,"column":55},"end":{"line":36,"column":5}},"line":33},"3":{"name":"(anonymous_3)","decl":{"start":{"line":40,"column":40},"end":{"line":40,"column":41}},"loc":{"start":{"line":40,"column":57},"end":{"line":44,"column":5}},"line":40},"4":{"name":"(anonymous_4)","decl":{"start":{"line":48,"column":42},"end":{"line":48,"column":43}},"loc":{"start":{"line":48,"column":54},"end":{"line":52,"column":5}},"line":48},"5":{"name":"(anonymous_5)","decl":{"start":{"line":56,"column":47},"end":{"line":56,"column":48}},"loc":{"start":{"line":56,"column":63},"end":{"line":59,"column":5}},"line":56},"6":{"name":"(anonymous_6)","decl":{"start":{"line":63,"column":48},"end":{"line":63,"column":49}},"loc":{"start":{"line":63,"column":65},"end":{"line":67,"column":5}},"line":63},"7":{"name":"(anonymous_7)","decl":{"start":{"line":71,"column":50},"end":{"line":71,"column":51}},"loc":{"start":{"line":71,"column":62},"end":{"line":75,"column":5}},"line":71},"8":{"name":"(anonymous_8)","decl":{"start":{"line":79,"column":47},"end":{"line":79,"column":48}},"loc":{"start":{"line":79,"column":59},"end":{"line":96,"column":5}},"line":79},"9":{"name":"(anonymous_9)","decl":{"start":{"line":101,"column":46},"end":{"line":101,"column":47}},"loc":{"start":{"line":101,"column":62},"end":{"line":103,"column":5}},"line":101},"10":{"name":"(anonymous_10)","decl":{"start":{"line":108,"column":46},"end":{"line":108,"column":47}},"loc":{"start":{"line":108,"column":62},"end":{"line":111,"column":5}},"line":108},"11":{"name":"(anonymous_11)","decl":{"start":{"line":117,"column":38},"end":{"line":117,"column":39}},"loc":{"start":{"line":117,"column":61},"end":{"line":119,"column":5}},"line":117},"12":{"name":"(anonymous_12)","decl":{"start":{"line":125,"column":42},"end":{"line":125,"column":43}},"loc":{"start":{"line":125,"column":65},"end":{"line":127,"column":5}},"line":125},"13":{"name":"(anonymous_13)","decl":{"start":{"line":128,"column":44},"end":{"line":128,"column":45}},"loc":{"start":{"line":128,"column":60},"end":{"line":138,"column":5}},"line":128},"14":{"name":"(anonymous_14)","decl":{"start":{"line":139,"column":36},"end":{"line":139,"column":37}},"loc":{"start":{"line":139,"column":56},"end":{"line":142,"column":5}},"line":139},"15":{"name":"(anonymous_15)","decl":{"start":{"line":143,"column":41},"end":{"line":143,"column":42}},"loc":{"start":{"line":143,"column":63},"end":{"line":145,"column":5}},"line":143},"16":{"name":"(anonymous_16)","decl":{"start":{"line":149,"column":40},"end":{"line":149,"column":41}},"loc":{"start":{"line":149,"column":52},"end":{"line":158,"column":5}},"line":149}},"branchMap":{"0":{"loc":{"start":{"line":80,"column":8},"end":{"line":87,"column":9}},"type":"if","locations":[{"start":{"line":80,"column":8},"end":{"line":87,"column":9}},{"start":{},"end":{}}],"line":80},"1":{"loc":{"start":{"line":88,"column":8},"end":{"line":95,"column":9}},"type":"if","locations":[{"start":{"line":88,"column":8},"end":{"line":95,"column":9}},{"start":{},"end":{}}],"line":88},"2":{"loc":{"start":{"line":102,"column":15},"end":{"line":102,"column":90}},"type":"binary-expr","locations":[{"start":{"line":102,"column":15},"end":{"line":102,"column":26}},{"start":{"line":102,"column":30},"end":{"line":102,"column":50}},{"start":{"line":102,"column":54},"end":{"line":102,"column":65}},{"start":{"line":102,"column":69},"end":{"line":102,"column":90}}],"line":102},"3":{"loc":{"start":{"line":133,"column":12},"end":{"line":135,"column":13}},"type":"if","locations":[{"start":{"line":133,"column":12},"end":{"line":135,"column":13}},{"start":{},"end":{}}],"line":133},"4":{"loc":{"start":{"line":133,"column":16},"end":{"line":133,"column":70}},"type":"binary-expr","locations":[{"start":{"line":133,"column":16},"end":{"line":133,"column":41}},{"start":{"line":133,"column":45},"end":{"line":133,"column":70}}],"line":133},"5":{"loc":{"start":{"line":141,"column":15},"end":{"line":141,"column":124}},"type":"cond-expr","locations":[{"start":{"line":141,"column":80},"end":{"line":141,"column":103}},{"start":{"line":141,"column":106},"end":{"line":141,"column":124}}],"line":141}},"s":{"0":1,"1":1,"2":1,"3":1,"4":1,"5":16,"6":16,"7":16,"8":16,"9":16,"10":16,"11":16,"12":16,"13":16,"14":16,"15":16,"16":16,"17":1,"18":1,"19":1,"20":1,"21":4,"22":4,"23":1,"24":0,"25":0,"26":0,"27":1,"28":0,"29":0,"30":1,"31":0,"32":0,"33":1,"34":0,"35":0,"36":0,"37":1,"38":15542,"39":13,"40":13,"41":13,"42":13,"43":32,"44":32,"45":13,"46":15542,"47":13,"48":13,"49":13,"50":13,"51":0,"52":0,"53":13,"54":1,"55":11317,"56":1,"57":9881,"58":9881,"59":1,"60":0,"61":1,"62":125,"63":1,"64":2827,"65":2827,"66":2827,"67":2827,"68":11308,"69":11308,"70":11308,"71":9496,"72":2827,"73":1,"74":5661,"75":5661,"76":1,"77":4012,"78":1,"79":0,"80":0,"81":1,"82":1},"f":{"0":1,"1":16,"2":1,"3":4,"4":0,"5":0,"6":0,"7":0,"8":15542,"9":11317,"10":9881,"11":0,"12":125,"13":2827,"14":5661,"15":4012,"16":0},"b":{"0":[13,15529],"1":[13,15529],"2":[11317,10631,10589,10177],"3":[9496,1812],"4":[11308,9615],"5":[0,5661]},"_coverageSchema":"1a1c01bbd47fc00a2c39e90264f33305004495a9","hash":"14a23aa58d858fcc0333255d4b7b3765a543249f"}
,"D:\\project\\ecs-framework\\thirdparty\\ecs-astar\\src\\Types\\IVector2.ts": {"path":"D:\\project\\ecs-framework\\thirdparty\\ecs-astar\\src\\Types\\IVector2.ts","statementMap":{"0":{"start":{"line":2,"column":0},"end":{"line":2,"column":62}},"1":{"start":{"line":3,"column":0},"end":{"line":3,"column":30}},"2":{"start":{"line":7,"column":34},"end":{"line":80,"column":3}},"3":{"start":{"line":13,"column":4},"end":{"line":18,"column":6}},"4":{"start":{"line":14,"column":8},"end":{"line":16,"column":9}},"5":{"start":{"line":15,"column":12},"end":{"line":15,"column":31}},"6":{"start":{"line":17,"column":8},"end":{"line":17,"column":42}},"7":{"start":{"line":22,"column":4},"end":{"line":24,"column":6}},"8":{"start":{"line":23,"column":8},"end":{"line":23,"column":30}},"9":{"start":{"line":28,"column":4},"end":{"line":30,"column":6}},"10":{"start":{"line":29,"column":8},"end":{"line":29,"column":44}},"11":{"start":{"line":34,"column":4},"end":{"line":36,"column":6}},"12":{"start":{"line":35,"column":8},"end":{"line":35,"column":46}},"13":{"start":{"line":40,"column":4},"end":{"line":42,"column":6}},"14":{"start":{"line":41,"column":8},"end":{"line":41,"column":57}},"15":{"start":{"line":46,"column":4},"end":{"line":50,"column":6}},"16":{"start":{"line":47,"column":17},"end":{"line":47,"column":26}},"17":{"start":{"line":48,"column":17},"end":{"line":48,"column":26}},"18":{"start":{"line":49,"column":8},"end":{"line":49,"column":44}},"19":{"start":{"line":55,"column":4},"end":{"line":59,"column":6}},"20":{"start":{"line":56,"column":16},"end":{"line":56,"column":47}},"21":{"start":{"line":57,"column":16},"end":{"line":57,"column":47}},"22":{"start":{"line":58,"column":8},"end":{"line":58,"column":29}},"23":{"start":{"line":64,"column":4},"end":{"line":66,"column":6}},"24":{"start":{"line":65,"column":8},"end":{"line":65,"column":57}},"25":{"start":{"line":71,"column":4},"end":{"line":75,"column":6}},"26":{"start":{"line":72,"column":16},"end":{"line":72,"column":45}},"27":{"start":{"line":73,"column":16},"end":{"line":73,"column":48}},"28":{"start":{"line":74,"column":8},"end":{"line":74,"column":30}},"29":{"start":{"line":77,"column":4},"end":{"line":77,"column":44}},"30":{"start":{"line":78,"column":4},"end":{"line":78,"column":35}},"31":{"start":{"line":79,"column":4},"end":{"line":79,"column":24}},"32":{"start":{"line":81,"column":0},"end":{"line":81,"column":36}}},"fnMap":{"0":{"name":"(anonymous_0)","decl":{"start":{"line":7,"column":34},"end":{"line":7,"column":35}},"loc":{"start":{"line":7,"column":46},"end":{"line":80,"column":1}},"line":7},"1":{"name":"Vector2Utils","decl":{"start":{"line":8,"column":13},"end":{"line":8,"column":25}},"loc":{"start":{"line":8,"column":28},"end":{"line":9,"column":5}},"line":8},"2":{"name":"(anonymous_2)","decl":{"start":{"line":13,"column":26},"end":{"line":13,"column":27}},"loc":{"start":{"line":13,"column":42},"end":{"line":18,"column":5}},"line":13},"3":{"name":"(anonymous_3)","decl":{"start":{"line":22,"column":26},"end":{"line":22,"column":27}},"loc":{"start":{"line":22,"column":42},"end":{"line":24,"column":5}},"line":22},"4":{"name":"(anonymous_4)","decl":{"start":{"line":28,"column":25},"end":{"line":28,"column":26}},"loc":{"start":{"line":28,"column":43},"end":{"line":30,"column":5}},"line":28},"5":{"name":"(anonymous_5)","decl":{"start":{"line":34,"column":23},"end":{"line":34,"column":24}},"loc":{"start":{"line":34,"column":39},"end":{"line":36,"column":5}},"line":34},"6":{"name":"(anonymous_6)","decl":{"start":{"line":40,"column":37},"end":{"line":40,"column":38}},"loc":{"start":{"line":40,"column":53},"end":{"line":42,"column":5}},"line":40},"7":{"name":"(anonymous_7)","decl":{"start":{"line":46,"column":28},"end":{"line":46,"column":29}},"loc":{"start":{"line":46,"column":44},"end":{"line":50,"column":5}},"line":46},"8":{"name":"(anonymous_8)","decl":{"start":{"line":55,"column":26},"end":{"line":55,"column":27}},"loc":{"start":{"line":55,"column":44},"end":{"line":59,"column":5}},"line":55},"9":{"name":"(anonymous_9)","decl":{"start":{"line":64,"column":25},"end":{"line":64,"column":26}},"loc":{"start":{"line":64,"column":43},"end":{"line":66,"column":5}},"line":64},"10":{"name":"(anonymous_10)","decl":{"start":{"line":71,"column":28},"end":{"line":71,"column":29}},"loc":{"start":{"line":71,"column":44},"end":{"line":75,"column":5}},"line":71}},"branchMap":{"0":{"loc":{"start":{"line":14,"column":8},"end":{"line":16,"column":9}},"type":"if","locations":[{"start":{"line":14,"column":8},"end":{"line":16,"column":9}},{"start":{},"end":{}}],"line":14},"1":{"loc":{"start":{"line":17,"column":15},"end":{"line":17,"column":41}},"type":"binary-expr","locations":[{"start":{"line":17,"column":15},"end":{"line":17,"column":26}},{"start":{"line":17,"column":30},"end":{"line":17,"column":41}}],"line":17}},"s":{"0":1,"1":1,"2":1,"3":1,"4":0,"5":0,"6":0,"7":1,"8":141,"9":1,"10":0,"11":1,"12":11308,"13":1,"14":4026,"15":1,"16":0,"17":0,"18":0,"19":1,"20":29341,"21":29341,"22":29341,"23":1,"24":0,"25":1,"26":0,"27":0,"28":0,"29":1,"30":1,"31":1,"32":1},"f":{"0":1,"1":0,"2":0,"3":141,"4":0,"5":11308,"6":4026,"7":0,"8":29341,"9":0,"10":0},"b":{"0":[0,0],"1":[0,0]},"_coverageSchema":"1a1c01bbd47fc00a2c39e90264f33305004495a9","hash":"e0da5d66eacb9ead2879db67c84339fd91b8672a"}
,"D:\\project\\ecs-framework\\thirdparty\\ecs-astar\\src\\Utils\\PriorityQueue.ts": {"path":"D:\\project\\ecs-framework\\thirdparty\\ecs-astar\\src\\Utils\\PriorityQueue.ts","statementMap":{"0":{"start":{"line":2,"column":0},"end":{"line":2,"column":62}},"1":{"start":{"line":3,"column":0},"end":{"line":3,"column":31}},"2":{"start":{"line":4,"column":35},"end":{"line":111,"column":3}},"3":{"start":{"line":6,"column":8},"end":{"line":6,"column":24}},"4":{"start":{"line":7,"column":8},"end":{"line":7,"column":23}},"5":{"start":{"line":9,"column":4},"end":{"line":18,"column":7}},"6":{"start":{"line":14,"column":12},"end":{"line":14,"column":30}},"7":{"start":{"line":19,"column":4},"end":{"line":28,"column":7}},"8":{"start":{"line":24,"column":12},"end":{"line":24,"column":36}},"9":{"start":{"line":32,"column":4},"end":{"line":35,"column":6}},"10":{"start":{"line":33,"column":8},"end":{"line":33,"column":30}},"11":{"start":{"line":34,"column":8},"end":{"line":34,"column":23}},"12":{"start":{"line":40,"column":4},"end":{"line":44,"column":6}},"13":{"start":{"line":41,"column":8},"end":{"line":41,"column":38}},"14":{"start":{"line":42,"column":8},"end":{"line":42,"column":35}},"15":{"start":{"line":43,"column":8},"end":{"line":43,"column":21}},"16":{"start":{"line":48,"column":4},"end":{"line":59,"column":6}},"17":{"start":{"line":49,"column":8},"end":{"line":51,"column":9}},"18":{"start":{"line":50,"column":12},"end":{"line":50,"column":29}},"19":{"start":{"line":52,"column":21},"end":{"line":52,"column":34}},"20":{"start":{"line":53,"column":8},"end":{"line":53,"column":21}},"21":{"start":{"line":54,"column":8},"end":{"line":57,"column":9}},"22":{"start":{"line":55,"column":12},"end":{"line":55,"column":51}},"23":{"start":{"line":56,"column":12},"end":{"line":56,"column":32}},"24":{"start":{"line":58,"column":8},"end":{"line":58,"column":22}},"25":{"start":{"line":63,"column":4},"end":{"line":65,"column":6}},"26":{"start":{"line":64,"column":8},"end":{"line":64,"column":58}},"27":{"start":{"line":69,"column":4},"end":{"line":78,"column":6}},"28":{"start":{"line":70,"column":8},"end":{"line":77,"column":9}},"29":{"start":{"line":71,"column":30},"end":{"line":71,"column":57}},"30":{"start":{"line":72,"column":12},"end":{"line":74,"column":13}},"31":{"start":{"line":73,"column":16},"end":{"line":73,"column":22}},"32":{"start":{"line":75,"column":12},"end":{"line":75,"column":43}},"33":{"start":{"line":76,"column":12},"end":{"line":76,"column":32}},"34":{"start":{"line":82,"column":4},"end":{"line":101,"column":6}},"35":{"start":{"line":83,"column":8},"end":{"line":100,"column":9}},"36":{"start":{"line":84,"column":27},"end":{"line":84,"column":32}},"37":{"start":{"line":85,"column":28},"end":{"line":85,"column":41}},"38":{"start":{"line":86,"column":29},"end":{"line":86,"column":42}},"39":{"start":{"line":87,"column":12},"end":{"line":90,"column":13}},"40":{"start":{"line":89,"column":16},"end":{"line":89,"column":37}},"41":{"start":{"line":91,"column":12},"end":{"line":94,"column":13}},"42":{"start":{"line":93,"column":16},"end":{"line":93,"column":38}},"43":{"start":{"line":95,"column":12},"end":{"line":97,"column":13}},"44":{"start":{"line":96,"column":16},"end":{"line":96,"column":22}},"45":{"start":{"line":98,"column":12},"end":{"line":98,"column":40}},"46":{"start":{"line":99,"column":12},"end":{"line":99,"column":29}},"47":{"start":{"line":105,"column":4},"end":{"line":109,"column":6}},"48":{"start":{"line":106,"column":19},"end":{"line":106,"column":32}},"49":{"start":{"line":107,"column":8},"end":{"line":107,"column":38}},"50":{"start":{"line":108,"column":8},"end":{"line":108,"column":29}},"51":{"start":{"line":110,"column":4},"end":{"line":110,"column":25}},"52":{"start":{"line":112,"column":0},"end":{"line":112,"column":38}}},"fnMap":{"0":{"name":"(anonymous_0)","decl":{"start":{"line":4,"column":35},"end":{"line":4,"column":36}},"loc":{"start":{"line":4,"column":47},"end":{"line":111,"column":1}},"line":4},"1":{"name":"PriorityQueue","decl":{"start":{"line":5,"column":13},"end":{"line":5,"column":26}},"loc":{"start":{"line":5,"column":29},"end":{"line":8,"column":5}},"line":5},"2":{"name":"(anonymous_2)","decl":{"start":{"line":13,"column":13},"end":{"line":13,"column":14}},"loc":{"start":{"line":13,"column":25},"end":{"line":15,"column":9}},"line":13},"3":{"name":"(anonymous_3)","decl":{"start":{"line":23,"column":13},"end":{"line":23,"column":14}},"loc":{"start":{"line":23,"column":25},"end":{"line":25,"column":9}},"line":23},"4":{"name":"(anonymous_4)","decl":{"start":{"line":32,"column":36},"end":{"line":32,"column":37}},"loc":{"start":{"line":32,"column":48},"end":{"line":35,"column":5}},"line":32},"5":{"name":"(anonymous_5)","decl":{"start":{"line":40,"column":38},"end":{"line":40,"column":39}},"loc":{"start":{"line":40,"column":54},"end":{"line":44,"column":5}},"line":40},"6":{"name":"(anonymous_6)","decl":{"start":{"line":48,"column":38},"end":{"line":48,"column":39}},"loc":{"start":{"line":48,"column":50},"end":{"line":59,"column":5}},"line":48},"7":{"name":"(anonymous_7)","decl":{"start":{"line":63,"column":35},"end":{"line":63,"column":36}},"loc":{"start":{"line":63,"column":47},"end":{"line":65,"column":5}},"line":63},"8":{"name":"(anonymous_8)","decl":{"start":{"line":69,"column":40},"end":{"line":69,"column":41}},"loc":{"start":{"line":69,"column":57},"end":{"line":78,"column":5}},"line":69},"9":{"name":"(anonymous_9)","decl":{"start":{"line":82,"column":42},"end":{"line":82,"column":43}},"loc":{"start":{"line":82,"column":59},"end":{"line":101,"column":5}},"line":82},"10":{"name":"(anonymous_10)","decl":{"start":{"line":105,"column":36},"end":{"line":105,"column":37}},"loc":{"start":{"line":105,"column":52},"end":{"line":109,"column":5}},"line":105}},"branchMap":{"0":{"loc":{"start":{"line":49,"column":8},"end":{"line":51,"column":9}},"type":"if","locations":[{"start":{"line":49,"column":8},"end":{"line":51,"column":9}},{"start":{},"end":{}}],"line":49},"1":{"loc":{"start":{"line":54,"column":8},"end":{"line":57,"column":9}},"type":"if","locations":[{"start":{"line":54,"column":8},"end":{"line":57,"column":9}},{"start":{},"end":{}}],"line":54},"2":{"loc":{"start":{"line":64,"column":15},"end":{"line":64,"column":57}},"type":"cond-expr","locations":[{"start":{"line":64,"column":32},"end":{"line":64,"column":45}},{"start":{"line":64,"column":48},"end":{"line":64,"column":57}}],"line":64},"3":{"loc":{"start":{"line":72,"column":12},"end":{"line":74,"column":13}},"type":"if","locations":[{"start":{"line":72,"column":12},"end":{"line":74,"column":13}},{"start":{},"end":{}}],"line":72},"4":{"loc":{"start":{"line":87,"column":12},"end":{"line":90,"column":13}},"type":"if","locations":[{"start":{"line":87,"column":12},"end":{"line":90,"column":13}},{"start":{},"end":{}}],"line":87},"5":{"loc":{"start":{"line":87,"column":16},"end":{"line":88,"column":78}},"type":"binary-expr","locations":[{"start":{"line":87,"column":16},"end":{"line":87,"column":38}},{"start":{"line":88,"column":16},"end":{"line":88,"column":78}}],"line":87},"6":{"loc":{"start":{"line":91,"column":12},"end":{"line":94,"column":13}},"type":"if","locations":[{"start":{"line":91,"column":12},"end":{"line":94,"column":13}},{"start":{},"end":{}}],"line":91},"7":{"loc":{"start":{"line":91,"column":16},"end":{"line":92,"column":79}},"type":"binary-expr","locations":[{"start":{"line":91,"column":16},"end":{"line":91,"column":39}},{"start":{"line":92,"column":16},"end":{"line":92,"column":79}}],"line":91},"8":{"loc":{"start":{"line":95,"column":12},"end":{"line":97,"column":13}},"type":"if","locations":[{"start":{"line":95,"column":12},"end":{"line":97,"column":13}},{"start":{},"end":{}}],"line":95}},"s":{"0":1,"1":1,"2":1,"3":129,"4":129,"5":1,"6":0,"7":1,"8":4142,"9":1,"10":0,"11":0,"12":1,"13":4012,"14":4012,"15":4012,"16":1,"17":4012,"18":0,"19":4012,"20":4012,"21":4012,"22":3761,"23":3761,"24":4012,"25":1,"26":0,"27":1,"28":4012,"29":3904,"30":3904,"31":3759,"32":145,"33":145,"34":1,"35":3761,"36":5857,"37":5857,"38":5857,"39":5857,"40":1453,"41":5857,"42":643,"43":5857,"44":3761,"45":2096,"46":2096,"47":1,"48":2241,"49":2241,"50":2241,"51":1,"52":1},"f":{"0":1,"1":129,"2":0,"3":4142,"4":0,"5":4012,"6":4012,"7":0,"8":4012,"9":3761,"10":2241},"b":{"0":[0,4012],"1":[3761,251],"2":[0,0],"3":[3759,145],"4":[1453,4404],"5":[5857,5179],"6":[643,5214],"7":[5857,4795],"8":[3761,2096]},"_coverageSchema":"1a1c01bbd47fc00a2c39e90264f33305004495a9","hash":"59ab1cac86b99aba6d1a6d803a7e74c7cf0493d4"}
}
