TN:
SF:src\AI\Pathfinding\AStar\AStarPathfinder.ts
FN:2,(anonymous_0)
FN:18,(anonymous_1)
FN:19,AStarNode
FN:35,(anonymous_3)
FN:42,(anonymous_4)
FN:53,(anonymous_5)
FN:66,(anonymous_6)
FN:67,AStarPathfinder
FN:72,(anonymous_8)
FN:88,(anonymous_9)
FN:101,(anonymous_10)
FN:177,(anonymous_11)
FN:203,(anonymous_12)
FN:219,(anonymous_13)
FN:239,(anonymous_14)
FN:246,(anonymous_15)
FNF:16
FNH:15
FNDA:372,(anonymous_0)
FNDA:1,(anonymous_1)
FNDA:1508,AStarNode
FNDA:106,(anonymous_3)
FNDA:2505,(anonymous_4)
FNDA:3751,(anonymous_5)
FNDA:1,(anonymous_6)
FNDA:0,AStarPathfinder
FNDA:4013,(anonymous_8)
FNDA:3891,(anonymous_9)
FNDA:129,(anonymous_10)
FNDA:125,(anonymous_11)
FNDA:120,(anonymous_12)
FNDA:2,(anonymous_13)
FNDA:29,(anonymous_14)
FNDA:7,(anonymous_15)
DA:2,1
DA:3,372
DA:4,5096
DA:5,0
DA:6,0
DA:9,372
DA:11,1
DA:12,1
DA:13,1
DA:14,1
DA:18,1
DA:20,1508
DA:21,1508
DA:22,1508
DA:23,1508
DA:24,1508
DA:25,1508
DA:26,1508
DA:27,1508
DA:28,1508
DA:29,1508
DA:30,1508
DA:31,1508
DA:32,1508
DA:33,1508
DA:35,1
DA:36,106
DA:37,106
DA:38,106
DA:39,106
DA:40,106
DA:42,1
DA:43,2505
DA:44,2505
DA:45,2505
DA:46,2505
DA:47,2505
DA:48,2505
DA:49,2505
DA:50,2505
DA:51,2505
DA:53,1
DA:54,3751
DA:55,3751
DA:56,3751
DA:57,3751
DA:58,3751
DA:59,3751
DA:61,1
DA:66,1
DA:72,1
DA:73,4013
DA:74,4013
DA:75,4013
DA:76,4013
DA:77,4013
DA:78,1508
DA:81,2505
DA:83,4013
DA:88,1
DA:89,3891
DA:90,3751
DA:91,3751
DA:101,1
DA:102,129
DA:103,129
DA:104,129
DA:105,129
DA:106,129
DA:107,129
DA:108,1
DA:112,128
DA:113,128
DA:114,128
DA:115,1
DA:117,127
DA:118,1
DA:121,126
DA:122,126
DA:123,126
DA:125,126
DA:126,126
DA:127,2949
DA:128,2949
DA:129,2949
DA:130,2949
DA:131,122
DA:132,122
DA:134,2827
DA:135,2827
DA:136,9496
DA:137,9496
DA:138,9496
DA:139,3835
DA:141,5661
DA:142,5661
DA:143,5661
DA:144,1775
DA:145,106
DA:146,106
DA:150,3886
DA:151,3886
DA:152,3886
DA:153,3886
DA:158,2827
DA:162,126
DA:163,126
DA:164,1063
DA:167,126
DA:168,126
DA:177,1
DA:178,125
DA:179,125
DA:181,5
DA:182,5
DA:183,42
DA:184,42
DA:187,5
DA:190,120
DA:192,120
DA:193,119
DA:194,3800
DA:195,3800
DA:198,120
DA:203,1
DA:204,120
DA:205,120
DA:206,120
DA:207,1206
DA:208,1206
DA:210,120
DA:219,1
DA:220,2
DA:222,2
DA:223,1
DA:226,2
DA:227,2
DA:228,31
DA:229,31
DA:230,31
DA:234,2
DA:239,1
DA:240,29
DA:241,29
DA:246,1
DA:247,7
DA:252,1
DA:253,1
DA:254,1
DA:256,1
LF:150
LH:148
BRDA:2,0,0,1
BRDA:2,0,1,1
BRDA:2,0,2,1
BRDA:3,1,0,372
BRDA:3,1,1,0
BRDA:3,2,0,372
BRDA:3,2,1,0
BRDA:4,3,0,0
BRDA:4,3,1,5096
BRDA:4,4,0,5096
BRDA:4,4,1,5096
BRDA:5,5,0,0
BRDA:5,5,1,0
BRDA:9,6,0,372
BRDA:9,6,1,372
BRDA:20,7,0,0
BRDA:20,7,1,1508
BRDA:21,8,0,0
BRDA:21,8,1,1508
BRDA:22,9,0,0
BRDA:22,9,1,1508
BRDA:36,10,0,0
BRDA:36,10,1,106
BRDA:43,11,0,0
BRDA:43,11,1,2505
BRDA:44,12,0,0
BRDA:44,12,1,2505
BRDA:45,13,0,0
BRDA:45,13,1,2505
BRDA:73,14,0,0
BRDA:73,14,1,4013
BRDA:74,15,0,0
BRDA:74,15,1,4013
BRDA:75,16,0,127
BRDA:75,16,1,3886
BRDA:77,17,0,1508
BRDA:77,17,1,2505
BRDA:89,18,0,3751
BRDA:89,18,1,140
BRDA:107,19,0,1
BRDA:107,19,1,128
BRDA:113,20,0,128
BRDA:113,20,1,0
BRDA:114,21,0,1
BRDA:114,21,1,127
BRDA:117,22,0,1
BRDA:117,22,1,126
BRDA:130,23,0,122
BRDA:130,23,1,2827
BRDA:138,24,0,3835
BRDA:138,24,1,5661
BRDA:143,25,0,1775
BRDA:143,25,1,3886
BRDA:144,26,0,106
BRDA:144,26,1,1669
BRDA:179,27,0,5
BRDA:179,27,1,120
BRDA:179,28,0,125
BRDA:179,28,1,120
BRDA:181,29,0,5
BRDA:181,29,1,0
BRDA:192,30,0,119
BRDA:192,30,1,1
BRDA:222,31,0,1
BRDA:222,31,1,1
BRDA:226,32,0,2
BRDA:226,32,1,0
BRDA:229,33,0,31
BRDA:229,33,1,0
BRF:69
BRH:51
end_of_record
TN:
SF:src\AI\Pathfinding\AStar\AstarGridGraph.ts
FN:10,(anonymous_0)
FN:11,AstarGridGraph
FN:33,(anonymous_2)
FN:40,(anonymous_3)
FN:48,(anonymous_4)
FN:56,(anonymous_5)
FN:63,(anonymous_6)
FN:71,(anonymous_7)
FN:79,(anonymous_8)
FN:101,(anonymous_9)
FN:108,(anonymous_10)
FN:117,(anonymous_11)
FN:125,(anonymous_12)
FN:128,(anonymous_13)
FN:139,(anonymous_14)
FN:143,(anonymous_15)
FN:149,(anonymous_16)
FNF:17
FNH:11
FNDA:1,(anonymous_0)
FNDA:16,AstarGridGraph
FNDA:1,(anonymous_2)
FNDA:4,(anonymous_3)
FNDA:0,(anonymous_4)
FNDA:0,(anonymous_5)
FNDA:0,(anonymous_6)
FNDA:0,(anonymous_7)
FNDA:15542,(anonymous_8)
FNDA:11317,(anonymous_9)
FNDA:9881,(anonymous_10)
FNDA:0,(anonymous_11)
FNDA:125,(anonymous_12)
FNDA:2827,(anonymous_13)
FNDA:5661,(anonymous_14)
FNDA:4012,(anonymous_15)
FNDA:0,(anonymous_16)
DA:2,1
DA:3,1
DA:4,1
DA:5,1
DA:10,1
DA:12,16
DA:18,16
DA:19,16
DA:20,16
DA:21,16
DA:22,16
DA:23,16
DA:24,16
DA:25,16
DA:26,16
DA:27,16
DA:28,16
DA:33,1
DA:34,1
DA:35,1
DA:40,1
DA:42,4
DA:43,4
DA:48,1
DA:49,0
DA:50,0
DA:51,0
DA:56,1
DA:57,0
DA:58,0
DA:63,1
DA:65,0
DA:66,0
DA:71,1
DA:72,0
DA:73,0
DA:74,0
DA:79,1
DA:80,15542
DA:81,13
DA:82,13
DA:83,32
DA:84,32
DA:86,13
DA:88,15542
DA:89,13
DA:90,13
DA:91,0
DA:92,0
DA:94,13
DA:101,1
DA:102,11317
DA:108,1
DA:109,9881
DA:110,9881
DA:117,1
DA:118,0
DA:125,1
DA:126,125
DA:128,1
DA:129,2827
DA:130,2827
DA:131,11308
DA:132,11308
DA:133,11308
DA:134,9496
DA:137,2827
DA:139,1
DA:140,5661
DA:141,5661
DA:143,1
DA:144,4012
DA:149,1
DA:150,0
DA:151,0
DA:159,1
DA:161,1
LF:77
LH:62
BRDA:80,0,0,13
BRDA:80,0,1,15529
BRDA:88,1,0,13
BRDA:88,1,1,15529
BRDA:102,2,0,11317
BRDA:102,2,1,10631
BRDA:102,2,2,10589
BRDA:102,2,3,10177
BRDA:133,3,0,9496
BRDA:133,3,1,1812
BRDA:133,4,0,11308
BRDA:133,4,1,9615
BRDA:141,5,0,0
BRDA:141,5,1,5661
BRF:14
BRH:13
end_of_record
TN:
SF:src\Types\IVector2.ts
FN:7,(anonymous_0)
FN:8,Vector2Utils
FN:13,(anonymous_2)
FN:22,(anonymous_3)
FN:28,(anonymous_4)
FN:34,(anonymous_5)
FN:40,(anonymous_6)
FN:46,(anonymous_7)
FN:55,(anonymous_8)
FN:64,(anonymous_9)
FN:71,(anonymous_10)
FNF:11
FNH:5
FNDA:1,(anonymous_0)
FNDA:0,Vector2Utils
FNDA:0,(anonymous_2)
FNDA:141,(anonymous_3)
FNDA:0,(anonymous_4)
FNDA:11308,(anonymous_5)
FNDA:4026,(anonymous_6)
FNDA:0,(anonymous_7)
FNDA:29341,(anonymous_8)
FNDA:0,(anonymous_9)
FNDA:0,(anonymous_10)
DA:2,1
DA:3,1
DA:7,1
DA:13,1
DA:14,0
DA:15,0
DA:17,0
DA:22,1
DA:23,141
DA:28,1
DA:29,0
DA:34,1
DA:35,11308
DA:40,1
DA:41,4026
DA:46,1
DA:47,0
DA:48,0
DA:49,0
DA:55,1
DA:56,29341
DA:57,29341
DA:58,29341
DA:64,1
DA:65,0
DA:71,1
DA:72,0
DA:73,0
DA:74,0
DA:77,1
DA:78,1
DA:79,1
DA:81,1
LF:33
LH:22
BRDA:14,0,0,0
BRDA:14,0,1,0
BRDA:17,1,0,0
BRDA:17,1,1,0
BRF:4
BRH:0
end_of_record
TN:
SF:src\Utils\PriorityQueue.ts
FN:4,(anonymous_0)
FN:5,PriorityQueue
FN:13,(anonymous_2)
FN:23,(anonymous_3)
FN:32,(anonymous_4)
FN:40,(anonymous_5)
FN:48,(anonymous_6)
FN:63,(anonymous_7)
FN:69,(anonymous_8)
FN:82,(anonymous_9)
FN:105,(anonymous_10)
FNF:11
FNH:8
FNDA:1,(anonymous_0)
FNDA:129,PriorityQueue
FNDA:0,(anonymous_2)
FNDA:4142,(anonymous_3)
FNDA:0,(anonymous_4)
FNDA:4012,(anonymous_5)
FNDA:4012,(anonymous_6)
FNDA:0,(anonymous_7)
FNDA:4012,(anonymous_8)
FNDA:3761,(anonymous_9)
FNDA:2241,(anonymous_10)
DA:2,1
DA:3,1
DA:4,1
DA:6,129
DA:7,129
DA:9,1
DA:14,0
DA:19,1
DA:24,4142
DA:32,1
DA:33,0
DA:34,0
DA:40,1
DA:41,4012
DA:42,4012
DA:43,4012
DA:48,1
DA:49,4012
DA:50,0
DA:52,4012
DA:53,4012
DA:54,4012
DA:55,3761
DA:56,3761
DA:58,4012
DA:63,1
DA:64,0
DA:69,1
DA:70,4012
DA:71,3904
DA:72,3904
DA:73,3759
DA:75,145
DA:76,145
DA:82,1
DA:83,3761
DA:84,5857
DA:85,5857
DA:86,5857
DA:87,5857
DA:89,1453
DA:91,5857
DA:93,643
DA:95,5857
DA:96,3761
DA:98,2096
DA:99,2096
DA:105,1
DA:106,2241
DA:107,2241
DA:108,2241
DA:110,1
DA:112,1
LF:53
LH:48
BRDA:49,0,0,0
BRDA:49,0,1,4012
BRDA:54,1,0,3761
BRDA:54,1,1,251
BRDA:64,2,0,0
BRDA:64,2,1,0
BRDA:72,3,0,3759
BRDA:72,3,1,145
BRDA:87,4,0,1453
BRDA:87,4,1,4404
BRDA:87,5,0,5857
BRDA:87,5,1,5179
BRDA:91,6,0,643
BRDA:91,6,1,5214
BRDA:91,7,0,5857
BRDA:91,7,1,4795
BRDA:95,8,0,3761
BRDA:95,8,1,2096
BRF:18
BRH:15
end_of_record
